nohup: ignoring input
==================================================
YOLO Face Detection (NCNN Backend - Fast)
==================================================
Source: https://192.168.1.111:8002/mjpeg
Model:  NCNN/yolov8n-face_ncnn_model
Conf:   0.5
Serve:  http://localhost:8003/
==================================================

HTTP server running on port 8003
Press Ctrl+C to stop

Loading NCNN model from NCNN/yolov8n-face_ncnn_model
  param: NCNN/yolov8n-face_ncnn_model/model.ncnn.param
  bin: NCNN/yolov8n-face_ncnn_model/model.ncnn.bin
Connecting to https://192.168.1.111:8002/mjpeg...
Detection error: ncnn.ncnn.Extractor: No constructor defined!
Detection error: ncnn.ncnn.Extractor: No constructor defined!
Detection error: ncnn.ncnn.Extractor: No constructor defined!
Detection error: ncnn.ncnn.Extractor: No constructor defined!
Detection error: ncnn.ncnn.Extractor: No constructor defined!
Detection error: ncnn.ncnn.Extractor: No constructor defined!
Detection error: ncnn.ncnn.Extractor: No constructor defined!
Detection error: ncnn.ncnn.Extractor: No constructor defined!
Detection error: ncnn.ncnn.Extractor: No constructor defined!
Detection error: ncnn.ncnn.Extractor: No constructor defined!
Detection error: ncnn.ncnn.Extractor: No constructor defined!
Detection error: ncnn.ncnn.Extractor: No constructor defined!
Detection error: ncnn.ncnn.Extractor: No constructor defined!
Detection error: ncnn.ncnn.Extractor: No constructor defined!
Detection error: ncnn.ncnn.Extractor: No constructor defined!
Detection error: ncnn.ncnn.Extractor: No constructor defined!
Detection error: ncnn.ncnn.Extractor: No constructor defined!
Detection error: ncnn.ncnn.Extractor: No constructor defined!
Detection error: ncnn.ncnn.Extractor: No constructor defined!
Detection error: ncnn.ncnn.Extractor: No constructor defined!
Detection error: ncnn.ncnn.Extractor: No constructor defined!
Detection error: ncnn.ncnn.Extractor: No constructor defined!
Detection error: ncnn.ncnn.Extractor: No constructor defined!
Detection error: ncnn.ncnn.Extractor: No constructor defined!
Detection error: ncnn.ncnn.Extractor: No constructor defined!
Detection error: ncnn.ncnn.Extractor: No constructor defined!
Detection error: ncnn.ncnn.Extractor: No constructor defined!
Detection error: ncnn.ncnn.Extractor: No constructor defined!
Detection error: ncnn.ncnn.Extractor: No constructor defined!
Detection error: ncnn.ncnn.Extractor: No constructor defined!
Processed 30 frames | FPS: 10.2
Detection error: ncnn.ncnn.Extractor: No constructor defined!
Detection error: ncnn.ncnn.Extractor: No constructor defined!
Detection error: ncnn.ncnn.Extractor: No constructor defined!
Detection error: ncnn.ncnn.Extractor: No constructor defined!
Detection error: ncnn.ncnn.Extractor: No constructor defined!
Detection error: ncnn.ncnn.Extractor: No constructor defined!
Detection error: ncnn.ncnn.Extractor: No constructor defined!
Detection error: ncnn.ncnn.Extractor: No constructor defined!
Detection error: ncnn.ncnn.Extractor: No constructor defined!
Detection error: ncnn.ncnn.Extractor: No constructor defined!
Detection error: ncnn.ncnn.Extractor: No constructor defined!
Detection error: ncnn.ncnn.Extractor: No constructor defined!
Detection error: ncnn.ncnn.Extractor: No constructor defined!
Detection error: ncnn.ncnn.Extractor: No constructor defined!
Detection error: ncnn.ncnn.Extractor: No constructor defined!
Detection error: ncnn.ncnn.Extractor: No constructor defined!
Detection error: ncnn.ncnn.Extractor: No constructor defined!
Detection error: ncnn.ncnn.Extractor: No constructor defined!
Detection error: ncnn.ncnn.Extractor: No constructor defined!
Detection error: ncnn.ncnn.Extractor: No constructor defined!
Detection error: ncnn.ncnn.Extractor: No constructor defined!
Detection error: ncnn.ncnn.Extractor: No constructor defined!
Detection error: ncnn.ncnn.Extractor: No constructor defined!
Detection error: ncnn.ncnn.Extractor: No constructor defined!
Detection error: ncnn.ncnn.Extractor: No constructor defined!
Detection error: ncnn.ncnn.Extractor: No constructor defined!
Detection error: ncnn.ncnn.Extractor: No constructor defined!
Detection error: ncnn.ncnn.Extractor: No constructor defined!
Detection error: ncnn.ncnn.Extractor: No constructor defined!
Detection error: ncnn.ncnn.Extractor: No constructor defined!
Processed 60 frames | FPS: 10.1
Detection error: ncnn.ncnn.Extractor: No constructor defined!
Detection error: ncnn.ncnn.Extractor: No constructor defined!
Detection error: ncnn.ncnn.Extractor: No constructor defined!
Detection error: ncnn.ncnn.Extractor: No constructor defined!
Detection error: ncnn.ncnn.Extractor: No constructor defined!
Detection error: ncnn.ncnn.Extractor: No constructor defined!
Detection error: ncnn.ncnn.Extractor: No constructor defined!
Detection error: ncnn.ncnn.Extractor: No constructor defined!
Detection error: ncnn.ncnn.Extractor: No constructor defined!
Detection error: ncnn.ncnn.Extractor: No constructor defined!
Detection error: ncnn.ncnn.Extractor: No constructor defined!
Detection error: ncnn.ncnn.Extractor: No constructor defined!
Detection error: ncnn.ncnn.Extractor: No constructor defined!
Detection error: ncnn.ncnn.Extractor: No constructor defined!
Detection error: ncnn.ncnn.Extractor: No constructor defined!
Detection error: ncnn.ncnn.Extractor: No constructor defined!
Detection error: ncnn.ncnn.Extractor: No constructor defined!
Detection error: ncnn.ncnn.Extractor: No constructor defined!
Detection error: ncnn.ncnn.Extractor: No constructor defined!
Detection error: ncnn.ncnn.Extractor: No constructor defined!
Detection error: ncnn.ncnn.Extractor: No constructor defined!
Detection error: ncnn.ncnn.Extractor: No constructor defined!
Detection error: ncnn.ncnn.Extractor: No constructor defined!
Detection error: ncnn.ncnn.Extractor: No constructor defined!
Detection error: ncnn.ncnn.Extractor: No constructor defined!
Detection error: ncnn.ncnn.Extractor: No constructor defined!
Detection error: ncnn.ncnn.Extractor: No constructor defined!
Detection error: ncnn.ncnn.Extractor: No constructor defined!
Detection error: ncnn.ncnn.Extractor: No constructor defined!
Detection error: ncnn.ncnn.Extractor: No constructor defined!
Processed 90 frames | FPS: 9.9
Detection error: ncnn.ncnn.Extractor: No constructor defined!
Detection error: ncnn.ncnn.Extractor: No constructor defined!
Detection error: ncnn.ncnn.Extractor: No constructor defined!
Detection error: ncnn.ncnn.Extractor: No constructor defined!
Detection error: ncnn.ncnn.Extractor: No constructor defined!
Detection error: ncnn.ncnn.Extractor: No constructor defined!
Detection error: ncnn.ncnn.Extractor: No constructor defined!
Detection error: ncnn.ncnn.Extractor: No constructor defined!
Detection error: ncnn.ncnn.Extractor: No constructor defined!
Detection error: ncnn.ncnn.Extractor: No constructor defined!
Detection error: ncnn.ncnn.Extractor: No constructor defined!
Detection error: ncnn.ncnn.Extractor: No constructor defined!
Detection error: ncnn.ncnn.Extractor: No constructor defined!
Detection error: ncnn.ncnn.Extractor: No constructor defined!
Detection error: ncnn.ncnn.Extractor: No constructor defined!
Detection error: ncnn.ncnn.Extractor: No constructor defined!
Detection error: ncnn.ncnn.Extractor: No constructor defined!
Detection error: ncnn.ncnn.Extractor: No constructor defined!
Detection error: ncnn.ncnn.Extractor: No constructor defined!
Detection error: ncnn.ncnn.Extractor: No constructor defined!
Detection error: ncnn.ncnn.Extractor: No constructor defined!
Detection error: ncnn.ncnn.Extractor: No constructor defined!
Detection error: ncnn.ncnn.Extractor: No constructor defined!
Detection error: ncnn.ncnn.Extractor: No constructor defined!
Detection error: ncnn.ncnn.Extractor: No constructor defined!
Detection error: ncnn.ncnn.Extractor: No constructor defined!
Detection error: ncnn.ncnn.Extractor: No constructor defined!
Detection error: ncnn.ncnn.Extractor: No constructor defined!
Detection error: ncnn.ncnn.Extractor: No constructor defined!
Detection error: ncnn.ncnn.Extractor: No constructor defined!
Processed 120 frames | FPS: 9.8
Detection error: ncnn.ncnn.Extractor: No constructor defined!
Detection error: ncnn.ncnn.Extractor: No constructor defined!
Detection error: ncnn.ncnn.Extractor: No constructor defined!
Detection error: ncnn.ncnn.Extractor: No constructor defined!
Detection error: ncnn.ncnn.Extractor: No constructor defined!
Detection error: ncnn.ncnn.Extractor: No constructor defined!
Detection error: ncnn.ncnn.Extractor: No constructor defined!
Detection error: ncnn.ncnn.Extractor: No constructor defined!
Detection error: ncnn.ncnn.Extractor: No constructor defined!
Detection error: ncnn.ncnn.Extractor: No constructor defined!
Detection error: ncnn.ncnn.Extractor: No constructor defined!
Detection error: ncnn.ncnn.Extractor: No constructor defined!
Detection error: ncnn.ncnn.Extractor: No constructor defined!
Detection error: ncnn.ncnn.Extractor: No constructor defined!
Detection error: ncnn.ncnn.Extractor: No constructor defined!
Detection error: ncnn.ncnn.Extractor: No constructor defined!
Detection error: ncnn.ncnn.Extractor: No constructor defined!
Detection error: ncnn.ncnn.Extractor: No constructor defined!
Detection error: ncnn.ncnn.Extractor: No constructor defined!
Detection error: ncnn.ncnn.Extractor: No constructor defined!
Detection error: ncnn.ncnn.Extractor: No constructor defined!
Detection error: ncnn.ncnn.Extractor: No constructor defined!
Detection error: ncnn.ncnn.Extractor: No constructor defined!
Detection error: ncnn.ncnn.Extractor: No constructor defined!
Detection error: ncnn.ncnn.Extractor: No constructor defined!
Detection error: ncnn.ncnn.Extractor: No constructor defined!
Detection error: ncnn.ncnn.Extractor: No constructor defined!
Detection error: ncnn.ncnn.Extractor: No constructor defined!
Detection error: ncnn.ncnn.Extractor: No constructor defined!
Detection error: ncnn.ncnn.Extractor: No constructor defined!
Processed 150 frames | FPS: 9.8
Detection error: ncnn.ncnn.Extractor: No constructor defined!
Detection error: ncnn.ncnn.Extractor: No constructor defined!
Detection error: ncnn.ncnn.Extractor: No constructor defined!
Detection error: ncnn.ncnn.Extractor: No constructor defined!
Detection error: ncnn.ncnn.Extractor: No constructor defined!
Detection error: ncnn.ncnn.Extractor: No constructor defined!
Detection error: ncnn.ncnn.Extractor: No constructor defined!
Detection error: ncnn.ncnn.Extractor: No constructor defined!
Detection error: ncnn.ncnn.Extractor: No constructor defined!
Detection error: ncnn.ncnn.Extractor: No constructor defined!
Detection error: ncnn.ncnn.Extractor: No constructor defined!
Detection error: ncnn.ncnn.Extractor: No constructor defined!
Detection error: ncnn.ncnn.Extractor: No constructor defined!
Detection error: ncnn.ncnn.Extractor: No constructor defined!
Detection error: ncnn.ncnn.Extractor: No constructor defined!
Detection error: ncnn.ncnn.Extractor: No constructor defined!
Detection error: ncnn.ncnn.Extractor: No constructor defined!
Detection error: ncnn.ncnn.Extractor: No constructor defined!
Detection error: ncnn.ncnn.Extractor: No constructor defined!
Detection error: ncnn.ncnn.Extractor: No constructor defined!
Detection error: ncnn.ncnn.Extractor: No constructor defined!
Detection error: ncnn.ncnn.Extractor: No constructor defined!
Detection error: ncnn.ncnn.Extractor: No constructor defined!
Detection error: ncnn.ncnn.Extractor: No constructor defined!
Detection error: ncnn.ncnn.Extractor: No constructor defined!
Detection error: ncnn.ncnn.Extractor: No constructor defined!
Detection error: ncnn.ncnn.Extractor: No constructor defined!
Detection error: ncnn.ncnn.Extractor: No constructor defined!
Detection error: ncnn.ncnn.Extractor: No constructor defined!
Detection error: ncnn.ncnn.Extractor: No constructor defined!
Processed 180 frames | FPS: 9.9
Detection error: ncnn.ncnn.Extractor: No constructor defined!
Detection error: ncnn.ncnn.Extractor: No constructor defined!
Detection error: ncnn.ncnn.Extractor: No constructor defined!
Detection error: ncnn.ncnn.Extractor: No constructor defined!
Detection error: ncnn.ncnn.Extractor: No constructor defined!
Detection error: ncnn.ncnn.Extractor: No constructor defined!
Detection error: ncnn.ncnn.Extractor: No constructor defined!
Detection error: ncnn.ncnn.Extractor: No constructor defined!
Detection error: ncnn.ncnn.Extractor: No constructor defined!
Detection error: ncnn.ncnn.Extractor: No constructor defined!
Detection error: ncnn.ncnn.Extractor: No constructor defined!
Detection error: ncnn.ncnn.Extractor: No constructor defined!
Detection error: ncnn.ncnn.Extractor: No constructor defined!
Detection error: ncnn.ncnn.Extractor: No constructor defined!
Detection error: ncnn.ncnn.Extractor: No constructor defined!
Detection error: ncnn.ncnn.Extractor: No constructor defined!
Detection error: ncnn.ncnn.Extractor: No constructor defined!
Detection error: ncnn.ncnn.Extractor: No constructor defined!
Detection error: ncnn.ncnn.Extractor: No constructor defined!
Detection error: ncnn.ncnn.Extractor: No constructor defined!
Detection error: ncnn.ncnn.Extractor: No constructor defined!
Detection error: ncnn.ncnn.Extractor: No constructor defined!
Detection error: ncnn.ncnn.Extractor: No constructor defined!
Detection error: ncnn.ncnn.Extractor: No constructor defined!
Detection error: ncnn.ncnn.Extractor: No constructor defined!
Detection error: ncnn.ncnn.Extractor: No constructor defined!
Detection error: ncnn.ncnn.Extractor: No constructor defined!
Detection error: ncnn.ncnn.Extractor: No constructor defined!
Detection error: ncnn.ncnn.Extractor: No constructor defined!
Detection error: ncnn.ncnn.Extractor: No constructor defined!
Processed 210 frames | FPS: 9.8
Detection error: ncnn.ncnn.Extractor: No constructor defined!
Detection error: ncnn.ncnn.Extractor: No constructor defined!
Detection error: ncnn.ncnn.Extractor: No constructor defined!
Detection error: ncnn.ncnn.Extractor: No constructor defined!
Detection error: ncnn.ncnn.Extractor: No constructor defined!
Detection error: ncnn.ncnn.Extractor: No constructor defined!
Detection error: ncnn.ncnn.Extractor: No constructor defined!
Detection error: ncnn.ncnn.Extractor: No constructor defined!
Detection error: ncnn.ncnn.Extractor: No constructor defined!
Detection error: ncnn.ncnn.Extractor: No constructor defined!
Detection error: ncnn.ncnn.Extractor: No constructor defined!
Detection error: ncnn.ncnn.Extractor: No constructor defined!
Detection error: ncnn.ncnn.Extractor: No constructor defined!
Detection error: ncnn.ncnn.Extractor: No constructor defined!
Detection error: ncnn.ncnn.Extractor: No constructor defined!
Detection error: ncnn.ncnn.Extractor: No constructor defined!
Detection error: ncnn.ncnn.Extractor: No constructor defined!
Detection error: ncnn.ncnn.Extractor: No constructor defined!
Detection error: ncnn.ncnn.Extractor: No constructor defined!
Detection error: ncnn.ncnn.Extractor: No constructor defined!
Detection error: ncnn.ncnn.Extractor: No constructor defined!
Detection error: ncnn.ncnn.Extractor: No constructor defined!
Detection error: ncnn.ncnn.Extractor: No constructor defined!
Detection error: ncnn.ncnn.Extractor: No constructor defined!
Detection error: ncnn.ncnn.Extractor: No constructor defined!
Detection error: ncnn.ncnn.Extractor: No constructor defined!
Detection error: ncnn.ncnn.Extractor: No constructor defined!
Detection error: ncnn.ncnn.Extractor: No constructor defined!
Detection error: ncnn.ncnn.Extractor: No constructor defined!
Detection error: ncnn.ncnn.Extractor: No constructor defined!
Processed 240 frames | FPS: 9.8
Detection error: ncnn.ncnn.Extractor: No constructor defined!
Detection error: ncnn.ncnn.Extractor: No constructor defined!
Detection error: ncnn.ncnn.Extractor: No constructor defined!
Detection error: ncnn.ncnn.Extractor: No constructor defined!
Detection error: ncnn.ncnn.Extractor: No constructor defined!
Detection error: ncnn.ncnn.Extractor: No constructor defined!
Detection error: ncnn.ncnn.Extractor: No constructor defined!
Detection error: ncnn.ncnn.Extractor: No constructor defined!
Detection error: ncnn.ncnn.Extractor: No constructor defined!
Detection error: ncnn.ncnn.Extractor: No constructor defined!
Detection error: ncnn.ncnn.Extractor: No constructor defined!
Detection error: ncnn.ncnn.Extractor: No constructor defined!
Detection error: ncnn.ncnn.Extractor: No constructor defined!
Detection error: ncnn.ncnn.Extractor: No constructor defined!
Detection error: ncnn.ncnn.Extractor: No constructor defined!
Detection error: ncnn.ncnn.Extractor: No constructor defined!
Detection error: ncnn.ncnn.Extractor: No constructor defined!
Detection error: ncnn.ncnn.Extractor: No constructor defined!
Detection error: ncnn.ncnn.Extractor: No constructor defined!
Detection error: ncnn.ncnn.Extractor: No constructor defined!
Detection error: ncnn.ncnn.Extractor: No constructor defined!
Detection error: ncnn.ncnn.Extractor: No constructor defined!
Detection error: ncnn.ncnn.Extractor: No constructor defined!
Detection error: ncnn.ncnn.Extractor: No constructor defined!
Detection error: ncnn.ncnn.Extractor: No constructor defined!
Detection error: ncnn.ncnn.Extractor: No constructor defined!
Detection error: ncnn.ncnn.Extractor: No constructor defined!
Detection error: ncnn.ncnn.Extractor: No constructor defined!
Detection error: ncnn.ncnn.Extractor: No constructor defined!
Detection error: ncnn.ncnn.Extractor: No constructor defined!
Processed 270 frames | FPS: 9.8
Detection error: ncnn.ncnn.Extractor: No constructor defined!
Detection error: ncnn.ncnn.Extractor: No constructor defined!
Detection error: ncnn.ncnn.Extractor: No constructor defined!
Detection error: ncnn.ncnn.Extractor: No constructor defined!
Detection error: ncnn.ncnn.Extractor: No constructor defined!
Detection error: ncnn.ncnn.Extractor: No constructor defined!
Detection error: ncnn.ncnn.Extractor: No constructor defined!
Detection error: ncnn.ncnn.Extractor: No constructor defined!
Detection error: ncnn.ncnn.Extractor: No constructor defined!
Detection error: ncnn.ncnn.Extractor: No constructor defined!
Detection error: ncnn.ncnn.Extractor: No constructor defined!
Detection error: ncnn.ncnn.Extractor: No constructor defined!
Detection error: ncnn.ncnn.Extractor: No constructor defined!
Detection error: ncnn.ncnn.Extractor: No constructor defined!
Detection error: ncnn.ncnn.Extractor: No constructor defined!
Detection error: ncnn.ncnn.Extractor: No constructor defined!
Detection error: ncnn.ncnn.Extractor: No constructor defined!
Detection error: ncnn.ncnn.Extractor: No constructor defined!
Detection error: ncnn.ncnn.Extractor: No constructor defined!
Detection error: ncnn.ncnn.Extractor: No constructor defined!
Detection error: ncnn.ncnn.Extractor: No constructor defined!
Detection error: ncnn.ncnn.Extractor: No constructor defined!
Detection error: ncnn.ncnn.Extractor: No constructor defined!
Detection error: ncnn.ncnn.Extractor: No constructor defined!
Detection error: ncnn.ncnn.Extractor: No constructor defined!
Detection error: ncnn.ncnn.Extractor: No constructor defined!
Detection error: ncnn.ncnn.Extractor: No constructor defined!
Detection error: ncnn.ncnn.Extractor: No constructor defined!
Detection error: ncnn.ncnn.Extractor: No constructor defined!
Detection error: ncnn.ncnn.Extractor: No constructor defined!
Processed 300 frames | FPS: 9.8
Detection error: ncnn.ncnn.Extractor: No constructor defined!
Detection error: ncnn.ncnn.Extractor: No constructor defined!
Detection error: ncnn.ncnn.Extractor: No constructor defined!
Detection error: ncnn.ncnn.Extractor: No constructor defined!
Detection error: ncnn.ncnn.Extractor: No constructor defined!
Detection error: ncnn.ncnn.Extractor: No constructor defined!
Detection error: ncnn.ncnn.Extractor: No constructor defined!
Detection error: ncnn.ncnn.Extractor: No constructor defined!
Detection error: ncnn.ncnn.Extractor: No constructor defined!
Detection error: ncnn.ncnn.Extractor: No constructor defined!
Detection error: ncnn.ncnn.Extractor: No constructor defined!
Detection error: ncnn.ncnn.Extractor: No constructor defined!
Detection error: ncnn.ncnn.Extractor: No constructor defined!
Detection error: ncnn.ncnn.Extractor: No constructor defined!
Detection error: ncnn.ncnn.Extractor: No constructor defined!
Detection error: ncnn.ncnn.Extractor: No constructor defined!
Detection error: ncnn.ncnn.Extractor: No constructor defined!
Detection error: ncnn.ncnn.Extractor: No constructor defined!
Detection error: ncnn.ncnn.Extractor: No constructor defined!
Detection error: ncnn.ncnn.Extractor: No constructor defined!
Detection error: ncnn.ncnn.Extractor: No constructor defined!
Detection error: ncnn.ncnn.Extractor: No constructor defined!
Detection error: ncnn.ncnn.Extractor: No constructor defined!
Detection error: ncnn.ncnn.Extractor: No constructor defined!
Detection error: ncnn.ncnn.Extractor: No constructor defined!
Detection error: ncnn.ncnn.Extractor: No constructor defined!
Detection error: ncnn.ncnn.Extractor: No constructor defined!
Detection error: ncnn.ncnn.Extractor: No constructor defined!
Detection error: ncnn.ncnn.Extractor: No constructor defined!
Detection error: ncnn.ncnn.Extractor: No constructor defined!
Processed 330 frames | FPS: 9.8
Detection error: ncnn.ncnn.Extractor: No constructor defined!
Detection error: ncnn.ncnn.Extractor: No constructor defined!
Detection error: ncnn.ncnn.Extractor: No constructor defined!
Detection error: ncnn.ncnn.Extractor: No constructor defined!
Detection error: ncnn.ncnn.Extractor: No constructor defined!
Detection error: ncnn.ncnn.Extractor: No constructor defined!
Detection error: ncnn.ncnn.Extractor: No constructor defined!
Detection error: ncnn.ncnn.Extractor: No constructor defined!
Detection error: ncnn.ncnn.Extractor: No constructor defined!
Detection error: ncnn.ncnn.Extractor: No constructor defined!
Detection error: ncnn.ncnn.Extractor: No constructor defined!
Detection error: ncnn.ncnn.Extractor: No constructor defined!
Detection error: ncnn.ncnn.Extractor: No constructor defined!
Detection error: ncnn.ncnn.Extractor: No constructor defined!
Detection error: ncnn.ncnn.Extractor: No constructor defined!
Detection error: ncnn.ncnn.Extractor: No constructor defined!
Detection error: ncnn.ncnn.Extractor: No constructor defined!
Detection error: ncnn.ncnn.Extractor: No constructor defined!
Detection error: ncnn.ncnn.Extractor: No constructor defined!
Detection error: ncnn.ncnn.Extractor: No constructor defined!
Detection error: ncnn.ncnn.Extractor: No constructor defined!
Detection error: ncnn.ncnn.Extractor: No constructor defined!
Detection error: ncnn.ncnn.Extractor: No constructor defined!
Detection error: ncnn.ncnn.Extractor: No constructor defined!
Detection error: ncnn.ncnn.Extractor: No constructor defined!
Detection error: ncnn.ncnn.Extractor: No constructor defined!
Detection error: ncnn.ncnn.Extractor: No constructor defined!
Detection error: ncnn.ncnn.Extractor: No constructor defined!
Detection error: ncnn.ncnn.Extractor: No constructor defined!
Detection error: ncnn.ncnn.Extractor: No constructor defined!
Processed 360 frames | FPS: 9.8
Detection error: ncnn.ncnn.Extractor: No constructor defined!
Detection error: ncnn.ncnn.Extractor: No constructor defined!
Detection error: ncnn.ncnn.Extractor: No constructor defined!
Detection error: ncnn.ncnn.Extractor: No constructor defined!
Detection error: ncnn.ncnn.Extractor: No constructor defined!
Detection error: ncnn.ncnn.Extractor: No constructor defined!
Detection error: ncnn.ncnn.Extractor: No constructor defined!
Detection error: ncnn.ncnn.Extractor: No constructor defined!
Detection error: ncnn.ncnn.Extractor: No constructor defined!
Detection error: ncnn.ncnn.Extractor: No constructor defined!
Detection error: ncnn.ncnn.Extractor: No constructor defined!
Detection error: ncnn.ncnn.Extractor: No constructor defined!
Detection error: ncnn.ncnn.Extractor: No constructor defined!
Detection error: ncnn.ncnn.Extractor: No constructor defined!
Detection error: ncnn.ncnn.Extractor: No constructor defined!
Detection error: ncnn.ncnn.Extractor: No constructor defined!
Detection error: ncnn.ncnn.Extractor: No constructor defined!
Detection error: ncnn.ncnn.Extractor: No constructor defined!
Detection error: ncnn.ncnn.Extractor: No constructor defined!
Detection error: ncnn.ncnn.Extractor: No constructor defined!
Detection error: ncnn.ncnn.Extractor: No constructor defined!
Detection error: ncnn.ncnn.Extractor: No constructor defined!
Detection error: ncnn.ncnn.Extractor: No constructor defined!
Detection error: ncnn.ncnn.Extractor: No constructor defined!
Detection error: ncnn.ncnn.Extractor: No constructor defined!
Detection error: ncnn.ncnn.Extractor: No constructor defined!
Detection error: ncnn.ncnn.Extractor: No constructor defined!
Detection error: ncnn.ncnn.Extractor: No constructor defined!
Detection error: ncnn.ncnn.Extractor: No constructor defined!
Detection error: ncnn.ncnn.Extractor: No constructor defined!
Processed 390 frames | FPS: 9.8
Detection error: ncnn.ncnn.Extractor: No constructor defined!
Detection error: ncnn.ncnn.Extractor: No constructor defined!
Detection error: ncnn.ncnn.Extractor: No constructor defined!
Detection error: ncnn.ncnn.Extractor: No constructor defined!
Detection error: ncnn.ncnn.Extractor: No constructor defined!
Detection error: ncnn.ncnn.Extractor: No constructor defined!
Detection error: ncnn.ncnn.Extractor: No constructor defined!
Detection error: ncnn.ncnn.Extractor: No constructor defined!
Detection error: ncnn.ncnn.Extractor: No constructor defined!
Detection error: ncnn.ncnn.Extractor: No constructor defined!
Detection error: ncnn.ncnn.Extractor: No constructor defined!
Detection error: ncnn.ncnn.Extractor: No constructor defined!
Detection error: ncnn.ncnn.Extractor: No constructor defined!
Detection error: ncnn.ncnn.Extractor: No constructor defined!
Detection error: ncnn.ncnn.Extractor: No constructor defined!
Detection error: ncnn.ncnn.Extractor: No constructor defined!
Detection error: ncnn.ncnn.Extractor: No constructor defined!
Detection error: ncnn.ncnn.Extractor: No constructor defined!
Detection error: ncnn.ncnn.Extractor: No constructor defined!
Detection error: ncnn.ncnn.Extractor: No constructor defined!
Detection error: ncnn.ncnn.Extractor: No constructor defined!
Detection error: ncnn.ncnn.Extractor: No constructor defined!
Detection error: ncnn.ncnn.Extractor: No constructor defined!
Detection error: ncnn.ncnn.Extractor: No constructor defined!
Detection error: ncnn.ncnn.Extractor: No constructor defined!
Detection error: ncnn.ncnn.Extractor: No constructor defined!
Detection error: ncnn.ncnn.Extractor: No constructor defined!
Detection error: ncnn.ncnn.Extractor: No constructor defined!
Detection error: ncnn.ncnn.Extractor: No constructor defined!
Detection error: ncnn.ncnn.Extractor: No constructor defined!
Processed 420 frames | FPS: 9.8
Detection error: ncnn.ncnn.Extractor: No constructor defined!
Detection error: ncnn.ncnn.Extractor: No constructor defined!
Detection error: ncnn.ncnn.Extractor: No constructor defined!
Detection error: ncnn.ncnn.Extractor: No constructor defined!
Detection error: ncnn.ncnn.Extractor: No constructor defined!
Detection error: ncnn.ncnn.Extractor: No constructor defined!
Detection error: ncnn.ncnn.Extractor: No constructor defined!
Detection error: ncnn.ncnn.Extractor: No constructor defined!
Detection error: ncnn.ncnn.Extractor: No constructor defined!
Detection error: ncnn.ncnn.Extractor: No constructor defined!
Detection error: ncnn.ncnn.Extractor: No constructor defined!
Detection error: ncnn.ncnn.Extractor: No constructor defined!
Detection error: ncnn.ncnn.Extractor: No constructor defined!
Detection error: ncnn.ncnn.Extractor: No constructor defined!
Detection error: ncnn.ncnn.Extractor: No constructor defined!
Detection error: ncnn.ncnn.Extractor: No constructor defined!
Detection error: ncnn.ncnn.Extractor: No constructor defined!
Detection error: ncnn.ncnn.Extractor: No constructor defined!
Detection error: ncnn.ncnn.Extractor: No constructor defined!
Detection error: ncnn.ncnn.Extractor: No constructor defined!
Detection error: ncnn.ncnn.Extractor: No constructor defined!
Detection error: ncnn.ncnn.Extractor: No constructor defined!
Detection error: ncnn.ncnn.Extractor: No constructor defined!
Detection error: ncnn.ncnn.Extractor: No constructor defined!
Detection error: ncnn.ncnn.Extractor: No constructor defined!
Detection error: ncnn.ncnn.Extractor: No constructor defined!
Detection error: ncnn.ncnn.Extractor: No constructor defined!
Detection error: ncnn.ncnn.Extractor: No constructor defined!
Detection error: ncnn.ncnn.Extractor: No constructor defined!
Detection error: ncnn.ncnn.Extractor: No constructor defined!
Processed 450 frames | FPS: 9.8
Detection error: ncnn.ncnn.Extractor: No constructor defined!
Detection error: ncnn.ncnn.Extractor: No constructor defined!
Detection error: ncnn.ncnn.Extractor: No constructor defined!
Detection error: ncnn.ncnn.Extractor: No constructor defined!
Detection error: ncnn.ncnn.Extractor: No constructor defined!
Detection error: ncnn.ncnn.Extractor: No constructor defined!
Detection error: ncnn.ncnn.Extractor: No constructor defined!
Detection error: ncnn.ncnn.Extractor: No constructor defined!
Detection error: ncnn.ncnn.Extractor: No constructor defined!
Detection error: ncnn.ncnn.Extractor: No constructor defined!
Detection error: ncnn.ncnn.Extractor: No constructor defined!
Detection error: ncnn.ncnn.Extractor: No constructor defined!
Detection error: ncnn.ncnn.Extractor: No constructor defined!
Detection error: ncnn.ncnn.Extractor: No constructor defined!
Detection error: ncnn.ncnn.Extractor: No constructor defined!
Detection error: ncnn.ncnn.Extractor: No constructor defined!
Detection error: ncnn.ncnn.Extractor: No constructor defined!
Detection error: ncnn.ncnn.Extractor: No constructor defined!
Detection error: ncnn.ncnn.Extractor: No constructor defined!
Detection error: ncnn.ncnn.Extractor: No constructor defined!
Detection error: ncnn.ncnn.Extractor: No constructor defined!
Detection error: ncnn.ncnn.Extractor: No constructor defined!
Detection error: ncnn.ncnn.Extractor: No constructor defined!
Detection error: ncnn.ncnn.Extractor: No constructor defined!
Detection error: ncnn.ncnn.Extractor: No constructor defined!
Detection error: ncnn.ncnn.Extractor: No constructor defined!
Detection error: ncnn.ncnn.Extractor: No constructor defined!
Detection error: ncnn.ncnn.Extractor: No constructor defined!
Detection error: ncnn.ncnn.Extractor: No constructor defined!
Detection error: ncnn.ncnn.Extractor: No constructor defined!
Processed 480 frames | FPS: 9.8
Detection error: ncnn.ncnn.Extractor: No constructor defined!
Detection error: ncnn.ncnn.Extractor: No constructor defined!
Detection error: ncnn.ncnn.Extractor: No constructor defined!
Detection error: ncnn.ncnn.Extractor: No constructor defined!
Detection error: ncnn.ncnn.Extractor: No constructor defined!
Detection error: ncnn.ncnn.Extractor: No constructor defined!
Detection error: ncnn.ncnn.Extractor: No constructor defined!
Detection error: ncnn.ncnn.Extractor: No constructor defined!
Detection error: ncnn.ncnn.Extractor: No constructor defined!
Detection error: ncnn.ncnn.Extractor: No constructor defined!
Detection error: ncnn.ncnn.Extractor: No constructor defined!
Detection error: ncnn.ncnn.Extractor: No constructor defined!
Detection error: ncnn.ncnn.Extractor: No constructor defined!
Detection error: ncnn.ncnn.Extractor: No constructor defined!
Detection error: ncnn.ncnn.Extractor: No constructor defined!
Detection error: ncnn.ncnn.Extractor: No constructor defined!
Detection error: ncnn.ncnn.Extractor: No constructor defined!
Detection error: ncnn.ncnn.Extractor: No constructor defined!
Detection error: ncnn.ncnn.Extractor: No constructor defined!
Detection error: ncnn.ncnn.Extractor: No constructor defined!
Detection error: ncnn.ncnn.Extractor: No constructor defined!
Detection error: ncnn.ncnn.Extractor: No constructor defined!
Detection error: ncnn.ncnn.Extractor: No constructor defined!
Detection error: ncnn.ncnn.Extractor: No constructor defined!
Detection error: ncnn.ncnn.Extractor: No constructor defined!
Detection error: ncnn.ncnn.Extractor: No constructor defined!
Detection error: ncnn.ncnn.Extractor: No constructor defined!
Detection error: ncnn.ncnn.Extractor: No constructor defined!
Detection error: ncnn.ncnn.Extractor: No constructor defined!
Detection error: ncnn.ncnn.Extractor: No constructor defined!
Processed 510 frames | FPS: 9.7
Detection error: ncnn.ncnn.Extractor: No constructor defined!
Detection error: ncnn.ncnn.Extractor: No constructor defined!
Detection error: ncnn.ncnn.Extractor: No constructor defined!
Detection error: ncnn.ncnn.Extractor: No constructor defined!
Detection error: ncnn.ncnn.Extractor: No constructor defined!
Detection error: ncnn.ncnn.Extractor: No constructor defined!
Detection error: ncnn.ncnn.Extractor: No constructor defined!
Detection error: ncnn.ncnn.Extractor: No constructor defined!
Detection error: ncnn.ncnn.Extractor: No constructor defined!
Detection error: ncnn.ncnn.Extractor: No constructor defined!
Detection error: ncnn.ncnn.Extractor: No constructor defined!
Detection error: ncnn.ncnn.Extractor: No constructor defined!
Detection error: ncnn.ncnn.Extractor: No constructor defined!
Detection error: ncnn.ncnn.Extractor: No constructor defined!
Detection error: ncnn.ncnn.Extractor: No constructor defined!
Detection error: ncnn.ncnn.Extractor: No constructor defined!
Detection error: ncnn.ncnn.Extractor: No constructor defined!
Detection error: ncnn.ncnn.Extractor: No constructor defined!
Detection error: ncnn.ncnn.Extractor: No constructor defined!
Detection error: ncnn.ncnn.Extractor: No constructor defined!
Detection error: ncnn.ncnn.Extractor: No constructor defined!
Detection error: ncnn.ncnn.Extractor: No constructor defined!
Detection error: ncnn.ncnn.Extractor: No constructor defined!
Detection error: ncnn.ncnn.Extractor: No constructor defined!
Detection error: ncnn.ncnn.Extractor: No constructor defined!
Detection error: ncnn.ncnn.Extractor: No constructor defined!
Detection error: ncnn.ncnn.Extractor: No constructor defined!
Detection error: ncnn.ncnn.Extractor: No constructor defined!
Detection error: ncnn.ncnn.Extractor: No constructor defined!
Detection error: ncnn.ncnn.Extractor: No constructor defined!
Processed 540 frames | FPS: 9.7
Detection error: ncnn.ncnn.Extractor: No constructor defined!
Detection error: ncnn.ncnn.Extractor: No constructor defined!
Detection error: ncnn.ncnn.Extractor: No constructor defined!
Detection error: ncnn.ncnn.Extractor: No constructor defined!
Detection error: ncnn.ncnn.Extractor: No constructor defined!
Detection error: ncnn.ncnn.Extractor: No constructor defined!
Detection error: ncnn.ncnn.Extractor: No constructor defined!
Detection error: ncnn.ncnn.Extractor: No constructor defined!
Detection error: ncnn.ncnn.Extractor: No constructor defined!
Detection error: ncnn.ncnn.Extractor: No constructor defined!
Detection error: ncnn.ncnn.Extractor: No constructor defined!
Detection error: ncnn.ncnn.Extractor: No constructor defined!
Detection error: ncnn.ncnn.Extractor: No constructor defined!
Detection error: ncnn.ncnn.Extractor: No constructor defined!
Detection error: ncnn.ncnn.Extractor: No constructor defined!
Detection error: ncnn.ncnn.Extractor: No constructor defined!
Detection error: ncnn.ncnn.Extractor: No constructor defined!
Detection error: ncnn.ncnn.Extractor: No constructor defined!
Detection error: ncnn.ncnn.Extractor: No constructor defined!
Detection error: ncnn.ncnn.Extractor: No constructor defined!
Detection error: ncnn.ncnn.Extractor: No constructor defined!
Detection error: ncnn.ncnn.Extractor: No constructor defined!
Detection error: ncnn.ncnn.Extractor: No constructor defined!
Detection error: ncnn.ncnn.Extractor: No constructor defined!
Detection error: ncnn.ncnn.Extractor: No constructor defined!
Detection error: ncnn.ncnn.Extractor: No constructor defined!
Detection error: ncnn.ncnn.Extractor: No constructor defined!
Detection error: ncnn.ncnn.Extractor: No constructor defined!
Detection error: ncnn.ncnn.Extractor: No constructor defined!
Detection error: ncnn.ncnn.Extractor: No constructor defined!
Processed 570 frames | FPS: 9.6
Detection error: ncnn.ncnn.Extractor: No constructor defined!
Detection error: ncnn.ncnn.Extractor: No constructor defined!
Detection error: ncnn.ncnn.Extractor: No constructor defined!
Detection error: ncnn.ncnn.Extractor: No constructor defined!
Detection error: ncnn.ncnn.Extractor: No constructor defined!
Detection error: ncnn.ncnn.Extractor: No constructor defined!
Detection error: ncnn.ncnn.Extractor: No constructor defined!
Detection error: ncnn.ncnn.Extractor: No constructor defined!
Detection error: ncnn.ncnn.Extractor: No constructor defined!
Detection error: ncnn.ncnn.Extractor: No constructor defined!
Detection error: ncnn.ncnn.Extractor: No constructor defined!
Detection error: ncnn.ncnn.Extractor: No constructor defined!
Detection error: ncnn.ncnn.Extractor: No constructor defined!
Detection error: ncnn.ncnn.Extractor: No constructor defined!
Detection error: ncnn.ncnn.Extractor: No constructor defined!
Detection error: ncnn.ncnn.Extractor: No constructor defined!
Detection error: ncnn.ncnn.Extractor: No constructor defined!
Detection error: ncnn.ncnn.Extractor: No constructor defined!
Detection error: ncnn.ncnn.Extractor: No constructor defined!
Detection error: ncnn.ncnn.Extractor: No constructor defined!
Detection error: ncnn.ncnn.Extractor: No constructor defined!
Detection error: ncnn.ncnn.Extractor: No constructor defined!
Detection error: ncnn.ncnn.Extractor: No constructor defined!
Detection error: ncnn.ncnn.Extractor: No constructor defined!
Detection error: ncnn.ncnn.Extractor: No constructor defined!
Detection error: ncnn.ncnn.Extractor: No constructor defined!
Detection error: ncnn.ncnn.Extractor: No constructor defined!
Detection error: ncnn.ncnn.Extractor: No constructor defined!
Detection error: ncnn.ncnn.Extractor: No constructor defined!
Detection error: ncnn.ncnn.Extractor: No constructor defined!
Processed 600 frames | FPS: 9.6
Detection error: ncnn.ncnn.Extractor: No constructor defined!
Detection error: ncnn.ncnn.Extractor: No constructor defined!
Detection error: ncnn.ncnn.Extractor: No constructor defined!
Detection error: ncnn.ncnn.Extractor: No constructor defined!
Detection error: ncnn.ncnn.Extractor: No constructor defined!
Detection error: ncnn.ncnn.Extractor: No constructor defined!
Detection error: ncnn.ncnn.Extractor: No constructor defined!
Detection error: ncnn.ncnn.Extractor: No constructor defined!
Detection error: ncnn.ncnn.Extractor: No constructor defined!
Detection error: ncnn.ncnn.Extractor: No constructor defined!
Detection error: ncnn.ncnn.Extractor: No constructor defined!
Detection error: ncnn.ncnn.Extractor: No constructor defined!
Detection error: ncnn.ncnn.Extractor: No constructor defined!
Detection error: ncnn.ncnn.Extractor: No constructor defined!
Detection error: ncnn.ncnn.Extractor: No constructor defined!
Detection error: ncnn.ncnn.Extractor: No constructor defined!
Detection error: ncnn.ncnn.Extractor: No constructor defined!
Detection error: ncnn.ncnn.Extractor: No constructor defined!
Detection error: ncnn.ncnn.Extractor: No constructor defined!
Detection error: ncnn.ncnn.Extractor: No constructor defined!
Detection error: ncnn.ncnn.Extractor: No constructor defined!
Detection error: ncnn.ncnn.Extractor: No constructor defined!
Detection error: ncnn.ncnn.Extractor: No constructor defined!
Detection error: ncnn.ncnn.Extractor: No constructor defined!
Detection error: ncnn.ncnn.Extractor: No constructor defined!
Detection error: ncnn.ncnn.Extractor: No constructor defined!
Detection error: ncnn.ncnn.Extractor: No constructor defined!
Detection error: ncnn.ncnn.Extractor: No constructor defined!
Detection error: ncnn.ncnn.Extractor: No constructor defined!
Detection error: ncnn.ncnn.Extractor: No constructor defined!
Processed 630 frames | FPS: 9.7
Detection error: ncnn.ncnn.Extractor: No constructor defined!
Detection error: ncnn.ncnn.Extractor: No constructor defined!
Detection error: ncnn.ncnn.Extractor: No constructor defined!
Detection error: ncnn.ncnn.Extractor: No constructor defined!
Detection error: ncnn.ncnn.Extractor: No constructor defined!
Detection error: ncnn.ncnn.Extractor: No constructor defined!
Detection error: ncnn.ncnn.Extractor: No constructor defined!
Detection error: ncnn.ncnn.Extractor: No constructor defined!
Detection error: ncnn.ncnn.Extractor: No constructor defined!
Detection error: ncnn.ncnn.Extractor: No constructor defined!
Detection error: ncnn.ncnn.Extractor: No constructor defined!
Detection error: ncnn.ncnn.Extractor: No constructor defined!
Detection error: ncnn.ncnn.Extractor: No constructor defined!
Detection error: ncnn.ncnn.Extractor: No constructor defined!
Detection error: ncnn.ncnn.Extractor: No constructor defined!
Detection error: ncnn.ncnn.Extractor: No constructor defined!
Detection error: ncnn.ncnn.Extractor: No constructor defined!
Detection error: ncnn.ncnn.Extractor: No constructor defined!
Detection error: ncnn.ncnn.Extractor: No constructor defined!
Detection error: ncnn.ncnn.Extractor: No constructor defined!
Detection error: ncnn.ncnn.Extractor: No constructor defined!
Detection error: ncnn.ncnn.Extractor: No constructor defined!
Detection error: ncnn.ncnn.Extractor: No constructor defined!
Detection error: ncnn.ncnn.Extractor: No constructor defined!
Detection error: ncnn.ncnn.Extractor: No constructor defined!
Detection error: ncnn.ncnn.Extractor: No constructor defined!
Detection error: ncnn.ncnn.Extractor: No constructor defined!
Detection error: ncnn.ncnn.Extractor: No constructor defined!
Detection error: ncnn.ncnn.Extractor: No constructor defined!
Detection error: ncnn.ncnn.Extractor: No constructor defined!
Processed 660 frames | FPS: 9.7
Detection error: ncnn.ncnn.Extractor: No constructor defined!
Detection error: ncnn.ncnn.Extractor: No constructor defined!
Detection error: ncnn.ncnn.Extractor: No constructor defined!
Detection error: ncnn.ncnn.Extractor: No constructor defined!
Detection error: ncnn.ncnn.Extractor: No constructor defined!
Detection error: ncnn.ncnn.Extractor: No constructor defined!
Detection error: ncnn.ncnn.Extractor: No constructor defined!
Detection error: ncnn.ncnn.Extractor: No constructor defined!
Detection error: ncnn.ncnn.Extractor: No constructor defined!
Detection error: ncnn.ncnn.Extractor: No constructor defined!
Detection error: ncnn.ncnn.Extractor: No constructor defined!
Detection error: ncnn.ncnn.Extractor: No constructor defined!
Detection error: ncnn.ncnn.Extractor: No constructor defined!
Detection error: ncnn.ncnn.Extractor: No constructor defined!
Detection error: ncnn.ncnn.Extractor: No constructor defined!
Detection error: ncnn.ncnn.Extractor: No constructor defined!
Detection error: ncnn.ncnn.Extractor: No constructor defined!
Detection error: ncnn.ncnn.Extractor: No constructor defined!
Detection error: ncnn.ncnn.Extractor: No constructor defined!
Detection error: ncnn.ncnn.Extractor: No constructor defined!
Detection error: ncnn.ncnn.Extractor: No constructor defined!
Detection error: ncnn.ncnn.Extractor: No constructor defined!
Detection error: ncnn.ncnn.Extractor: No constructor defined!
Detection error: ncnn.ncnn.Extractor: No constructor defined!
Detection error: ncnn.ncnn.Extractor: No constructor defined!
Detection error: ncnn.ncnn.Extractor: No constructor defined!
Detection error: ncnn.ncnn.Extractor: No constructor defined!
Detection error: ncnn.ncnn.Extractor: No constructor defined!
Detection error: ncnn.ncnn.Extractor: No constructor defined!
Detection error: ncnn.ncnn.Extractor: No constructor defined!
Processed 690 frames | FPS: 9.7
Detection error: ncnn.ncnn.Extractor: No constructor defined!
Detection error: ncnn.ncnn.Extractor: No constructor defined!
Detection error: ncnn.ncnn.Extractor: No constructor defined!
Detection error: ncnn.ncnn.Extractor: No constructor defined!
Detection error: ncnn.ncnn.Extractor: No constructor defined!
Detection error: ncnn.ncnn.Extractor: No constructor defined!
Detection error: ncnn.ncnn.Extractor: No constructor defined!
Detection error: ncnn.ncnn.Extractor: No constructor defined!
Detection error: ncnn.ncnn.Extractor: No constructor defined!
Detection error: ncnn.ncnn.Extractor: No constructor defined!
Detection error: ncnn.ncnn.Extractor: No constructor defined!
Detection error: ncnn.ncnn.Extractor: No constructor defined!
Detection error: ncnn.ncnn.Extractor: No constructor defined!
Detection error: ncnn.ncnn.Extractor: No constructor defined!
Detection error: ncnn.ncnn.Extractor: No constructor defined!
Detection error: ncnn.ncnn.Extractor: No constructor defined!
Detection error: ncnn.ncnn.Extractor: No constructor defined!
Detection error: ncnn.ncnn.Extractor: No constructor defined!
Detection error: ncnn.ncnn.Extractor: No constructor defined!
Detection error: ncnn.ncnn.Extractor: No constructor defined!
Detection error: ncnn.ncnn.Extractor: No constructor defined!
Detection error: ncnn.ncnn.Extractor: No constructor defined!
Detection error: ncnn.ncnn.Extractor: No constructor defined!
Detection error: ncnn.ncnn.Extractor: No constructor defined!
Detection error: ncnn.ncnn.Extractor: No constructor defined!
Detection error: ncnn.ncnn.Extractor: No constructor defined!
Detection error: ncnn.ncnn.Extractor: No constructor defined!
Detection error: ncnn.ncnn.Extractor: No constructor defined!
Detection error: ncnn.ncnn.Extractor: No constructor defined!
Detection error: ncnn.ncnn.Extractor: No constructor defined!
Processed 720 frames | FPS: 9.5
Detection error: ncnn.ncnn.Extractor: No constructor defined!
Detection error: ncnn.ncnn.Extractor: No constructor defined!
Detection error: ncnn.ncnn.Extractor: No constructor defined!
Detection error: ncnn.ncnn.Extractor: No constructor defined!
Detection error: ncnn.ncnn.Extractor: No constructor defined!
Detection error: ncnn.ncnn.Extractor: No constructor defined!
Detection error: ncnn.ncnn.Extractor: No constructor defined!
Detection error: ncnn.ncnn.Extractor: No constructor defined!
Detection error: ncnn.ncnn.Extractor: No constructor defined!
Detection error: ncnn.ncnn.Extractor: No constructor defined!
Detection error: ncnn.ncnn.Extractor: No constructor defined!
Detection error: ncnn.ncnn.Extractor: No constructor defined!
Detection error: ncnn.ncnn.Extractor: No constructor defined!
Detection error: ncnn.ncnn.Extractor: No constructor defined!
Detection error: ncnn.ncnn.Extractor: No constructor defined!
Detection error: ncnn.ncnn.Extractor: No constructor defined!
Detection error: ncnn.ncnn.Extractor: No constructor defined!
Detection error: ncnn.ncnn.Extractor: No constructor defined!
Detection error: ncnn.ncnn.Extractor: No constructor defined!
Detection error: ncnn.ncnn.Extractor: No constructor defined!
Detection error: ncnn.ncnn.Extractor: No constructor defined!
Detection error: ncnn.ncnn.Extractor: No constructor defined!
Detection error: ncnn.ncnn.Extractor: No constructor defined!
Detection error: ncnn.ncnn.Extractor: No constructor defined!
Detection error: ncnn.ncnn.Extractor: No constructor defined!
Detection error: ncnn.ncnn.Extractor: No constructor defined!
Detection error: ncnn.ncnn.Extractor: No constructor defined!
Detection error: ncnn.ncnn.Extractor: No constructor defined!
Detection error: ncnn.ncnn.Extractor: No constructor defined!
Detection error: ncnn.ncnn.Extractor: No constructor defined!
Processed 750 frames | FPS: 9.5
Detection error: ncnn.ncnn.Extractor: No constructor defined!
Detection error: ncnn.ncnn.Extractor: No constructor defined!
Detection error: ncnn.ncnn.Extractor: No constructor defined!
Detection error: ncnn.ncnn.Extractor: No constructor defined!
Detection error: ncnn.ncnn.Extractor: No constructor defined!
Detection error: ncnn.ncnn.Extractor: No constructor defined!
Detection error: ncnn.ncnn.Extractor: No constructor defined!
Detection error: ncnn.ncnn.Extractor: No constructor defined!
Detection error: ncnn.ncnn.Extractor: No constructor defined!
Detection error: ncnn.ncnn.Extractor: No constructor defined!
Detection error: ncnn.ncnn.Extractor: No constructor defined!
Detection error: ncnn.ncnn.Extractor: No constructor defined!
Detection error: ncnn.ncnn.Extractor: No constructor defined!
Detection error: ncnn.ncnn.Extractor: No constructor defined!
Detection error: ncnn.ncnn.Extractor: No constructor defined!
Detection error: ncnn.ncnn.Extractor: No constructor defined!
Detection error: ncnn.ncnn.Extractor: No constructor defined!
Detection error: ncnn.ncnn.Extractor: No constructor defined!
Stream error: [Errno 104] Connection reset by peer
Detection error: ncnn.ncnn.Extractor: No constructor defined!
Detection error: ncnn.ncnn.Extractor: No constructor defined!
Detection error: ncnn.ncnn.Extractor: No constructor defined!
Detection error: ncnn.ncnn.Extractor: No constructor defined!
Detection error: ncnn.ncnn.Extractor: No constructor defined!
Detection error: ncnn.ncnn.Extractor: No constructor defined!
Detection error: ncnn.ncnn.Extractor: No constructor defined!
Detection error: ncnn.ncnn.Extractor: No constructor defined!
Detection error: ncnn.ncnn.Extractor: No constructor defined!
Detection error: ncnn.ncnn.Extractor: No constructor defined!
Detection error: ncnn.ncnn.Extractor: No constructor defined!
Detection error: ncnn.ncnn.Extractor: No constructor defined!
Processed 780 frames | FPS: 9.5
Detection error: ncnn.ncnn.Extractor: No constructor defined!
Detection error: ncnn.ncnn.Extractor: No constructor defined!
Detection error: ncnn.ncnn.Extractor: No constructor defined!
Detection error: ncnn.ncnn.Extractor: No constructor defined!
Detection error: ncnn.ncnn.Extractor: No constructor defined!
Detection error: ncnn.ncnn.Extractor: No constructor defined!
Detection error: ncnn.ncnn.Extractor: No constructor defined!
Detection error: ncnn.ncnn.Extractor: No constructor defined!
Detection error: ncnn.ncnn.Extractor: No constructor defined!
Detection error: ncnn.ncnn.Extractor: No constructor defined!
Detection error: ncnn.ncnn.Extractor: No constructor defined!
Detection error: ncnn.ncnn.Extractor: No constructor defined!
Detection error: ncnn.ncnn.Extractor: No constructor defined!
Detection error: ncnn.ncnn.Extractor: No constructor defined!
Detection error: ncnn.ncnn.Extractor: No constructor defined!
Detection error: ncnn.ncnn.Extractor: No constructor defined!
Detection error: ncnn.ncnn.Extractor: No constructor defined!
Detection error: ncnn.ncnn.Extractor: No constructor defined!
Detection error: ncnn.ncnn.Extractor: No constructor defined!
Detection error: ncnn.ncnn.Extractor: No constructor defined!
Detection error: ncnn.ncnn.Extractor: No constructor defined!
Detection error: ncnn.ncnn.Extractor: No constructor defined!
Detection error: ncnn.ncnn.Extractor: No constructor defined!
Detection error: ncnn.ncnn.Extractor: No constructor defined!
Detection error: ncnn.ncnn.Extractor: No constructor defined!
Detection error: ncnn.ncnn.Extractor: No constructor defined!
Detection error: ncnn.ncnn.Extractor: No constructor defined!
Detection error: ncnn.ncnn.Extractor: No constructor defined!
Detection error: ncnn.ncnn.Extractor: No constructor defined!
Detection error: ncnn.ncnn.Extractor: No constructor defined!
Processed 810 frames | FPS: 9.5
Detection error: ncnn.ncnn.Extractor: No constructor defined!
Detection error: ncnn.ncnn.Extractor: No constructor defined!
Detection error: ncnn.ncnn.Extractor: No constructor defined!
Detection error: ncnn.ncnn.Extractor: No constructor defined!
Detection error: ncnn.ncnn.Extractor: No constructor defined!
Detection error: ncnn.ncnn.Extractor: No constructor defined!
Stream error: [Errno 32] Broken pipe
Detection error: ncnn.ncnn.Extractor: No constructor defined!
Detection error: ncnn.ncnn.Extractor: No constructor defined!
Detection error: ncnn.ncnn.Extractor: No constructor defined!
Detection error: ncnn.ncnn.Extractor: No constructor defined!
Detection error: ncnn.ncnn.Extractor: No constructor defined!
Detection error: ncnn.ncnn.Extractor: No constructor defined!
Detection error: ncnn.ncnn.Extractor: No constructor defined!
Detection error: ncnn.ncnn.Extractor: No constructor defined!
Detection error: ncnn.ncnn.Extractor: No constructor defined!
Detection error: ncnn.ncnn.Extractor: No constructor defined!
Detection error: ncnn.ncnn.Extractor: No constructor defined!
Detection error: ncnn.ncnn.Extractor: No constructor defined!
Detection error: ncnn.ncnn.Extractor: No constructor defined!
Detection error: ncnn.ncnn.Extractor: No constructor defined!
Detection error: ncnn.ncnn.Extractor: No constructor defined!
Detection error: ncnn.ncnn.Extractor: No constructor defined!
Detection error: ncnn.ncnn.Extractor: No constructor defined!
Detection error: ncnn.ncnn.Extractor: No constructor defined!
Detection error: ncnn.ncnn.Extractor: No constructor defined!
Detection error: ncnn.ncnn.Extractor: No constructor defined!
Detection error: ncnn.ncnn.Extractor: No constructor defined!
Detection error: ncnn.ncnn.Extractor: No constructor defined!
Detection error: ncnn.ncnn.Extractor: No constructor defined!
Detection error: ncnn.ncnn.Extractor: No constructor defined!
Processed 840 frames | FPS: 9.5
Detection error: ncnn.ncnn.Extractor: No constructor defined!
Detection error: ncnn.ncnn.Extractor: No constructor defined!
Detection error: ncnn.ncnn.Extractor: No constructor defined!
Detection error: ncnn.ncnn.Extractor: No constructor defined!
Detection error: ncnn.ncnn.Extractor: No constructor defined!
Detection error: ncnn.ncnn.Extractor: No constructor defined!
Detection error: ncnn.ncnn.Extractor: No constructor defined!
Detection error: ncnn.ncnn.Extractor: No constructor defined!
Detection error: ncnn.ncnn.Extractor: No constructor defined!
Detection error: ncnn.ncnn.Extractor: No constructor defined!
Detection error: ncnn.ncnn.Extractor: No constructor defined!
Detection error: ncnn.ncnn.Extractor: No constructor defined!
Detection error: ncnn.ncnn.Extractor: No constructor defined!
Detection error: ncnn.ncnn.Extractor: No constructor defined!
Detection error: ncnn.ncnn.Extractor: No constructor defined!
Detection error: ncnn.ncnn.Extractor: No constructor defined!
Detection error: ncnn.ncnn.Extractor: No constructor defined!
Detection error: ncnn.ncnn.Extractor: No constructor defined!
Detection error: ncnn.ncnn.Extractor: No constructor defined!
Detection error: ncnn.ncnn.Extractor: No constructor defined!
Detection error: ncnn.ncnn.Extractor: No constructor defined!
Detection error: ncnn.ncnn.Extractor: No constructor defined!
Detection error: ncnn.ncnn.Extractor: No constructor defined!
Detection error: ncnn.ncnn.Extractor: No constructor defined!
Detection error: ncnn.ncnn.Extractor: No constructor defined!
Detection error: ncnn.ncnn.Extractor: No constructor defined!
Detection error: ncnn.ncnn.Extractor: No constructor defined!
Detection error: ncnn.ncnn.Extractor: No constructor defined!
Detection error: ncnn.ncnn.Extractor: No constructor defined!
Detection error: ncnn.ncnn.Extractor: No constructor defined!
Processed 870 frames | FPS: 9.6
Detection error: ncnn.ncnn.Extractor: No constructor defined!
Detection error: ncnn.ncnn.Extractor: No constructor defined!
Detection error: ncnn.ncnn.Extractor: No constructor defined!
Detection error: ncnn.ncnn.Extractor: No constructor defined!
Detection error: ncnn.ncnn.Extractor: No constructor defined!
Detection error: ncnn.ncnn.Extractor: No constructor defined!
Detection error: ncnn.ncnn.Extractor: No constructor defined!
Detection error: ncnn.ncnn.Extractor: No constructor defined!
Detection error: ncnn.ncnn.Extractor: No constructor defined!
Detection error: ncnn.ncnn.Extractor: No constructor defined!
Detection error: ncnn.ncnn.Extractor: No constructor defined!
Detection error: ncnn.ncnn.Extractor: No constructor defined!
Detection error: ncnn.ncnn.Extractor: No constructor defined!
Detection error: ncnn.ncnn.Extractor: No constructor defined!
Detection error: ncnn.ncnn.Extractor: No constructor defined!
Detection error: ncnn.ncnn.Extractor: No constructor defined!
Detection error: ncnn.ncnn.Extractor: No constructor defined!
Detection error: ncnn.ncnn.Extractor: No constructor defined!
Detection error: ncnn.ncnn.Extractor: No constructor defined!
Detection error: ncnn.ncnn.Extractor: No constructor defined!
Detection error: ncnn.ncnn.Extractor: No constructor defined!
Detection error: ncnn.ncnn.Extractor: No constructor defined!
Detection error: ncnn.ncnn.Extractor: No constructor defined!
Detection error: ncnn.ncnn.Extractor: No constructor defined!
Detection error: ncnn.ncnn.Extractor: No constructor defined!
Detection error: ncnn.ncnn.Extractor: No constructor defined!
Detection error: ncnn.ncnn.Extractor: No constructor defined!
